\BOOKMARK [-1][-]{part.1}{I The tools}{}% 1
\BOOKMARK [0][-]{chapter*.1}{Introduction}{part.1}% 2
\BOOKMARK [1][-]{section.0.1}{Introduction}{chapter*.1}% 3
\BOOKMARK [1][-]{section.0.2}{Hardware and Physical tools}{chapter*.1}% 4
\BOOKMARK [1][-]{section.0.3}{Software}{chapter*.1}% 5
\BOOKMARK [1][-]{section.0.4}{Compilation}{chapter*.1}% 6
\BOOKMARK [1][-]{section.0.5}{First Program}{chapter*.1}% 7
\BOOKMARK [0][-]{chapter.1}{Understanding Compilation}{part.1}% 8
\BOOKMARK [1][-]{section.1.1}{Programming Languages}{chapter.1}% 9
\BOOKMARK [2][-]{subsection.1.1.1}{ARM}{section.1.1}% 10
\BOOKMARK [2][-]{subsection.1.1.2}{C}{section.1.1}% 11
\BOOKMARK [2][-]{subsection.1.1.3}{C++}{section.1.1}% 12
\BOOKMARK [1][-]{section.1.2}{Language integration}{chapter.1}% 13
\BOOKMARK [1][-]{section.1.3}{Compilation}{chapter.1}% 14
\BOOKMARK [-1][-]{part.2}{II Making the kernel}{}% 15
\BOOKMARK [0][-]{chapter.2}{Booting}{part.2}% 16
\BOOKMARK [1][-]{section.2.1}{Raspberry Pi firmware}{chapter.2}% 17
\BOOKMARK [1][-]{section.2.2}{Setting up the hardware}{chapter.2}% 18
\BOOKMARK [2][-]{subsection.2.2.1}{Installing the Interrupt Vector Table \(IVT\)}{section.2.2}% 19
\BOOKMARK [2][-]{subsection.2.2.2}{Initializing the stacks}{section.2.2}% 20
\BOOKMARK [2][-]{subsection.2.2.3}{Initializing hardware}{section.2.2}% 21
\BOOKMARK [1][-]{section.2.3}{Software initialization, the \137cstartup routine}{chapter.2}% 22
\BOOKMARK [0][-]{chapter.3}{Peripherals}{part.2}% 23
\BOOKMARK [1][-]{section.3.1}{Mailbox}{chapter.3}% 24
\BOOKMARK [2][-]{subsection.3.1.1}{Mailbox Property Interface}{section.3.1}% 25
\BOOKMARK [2][-]{subsection.3.1.2}{Mailbox Messages}{section.3.1}% 26
\BOOKMARK [2][-]{subsection.3.1.3}{Framebuffer}{section.3.1}% 27
\BOOKMARK [1][-]{section.3.2}{System timer}{chapter.3}% 28
\BOOKMARK [1][-]{section.3.3}{Interrupts}{chapter.3}% 29
\BOOKMARK [2][-]{subsection.3.3.1}{Defining the Exception Handlers}{section.3.3}% 30
\BOOKMARK [2][-]{subsection.3.3.2}{The Interrupt Controller}{section.3.3}% 31
\BOOKMARK [2][-]{subsection.3.3.3}{IRQ Handler}{section.3.3}% 32
\BOOKMARK [0][-]{chapter.4}{Kernel libraries}{part.2}% 33
\BOOKMARK [1][-]{section.4.1}{Basic I/O}{chapter.4}% 34
\BOOKMARK [1][-]{section.4.2}{Memory allocation}{chapter.4}% 35
\BOOKMARK [-1][-]{part.3}{III Epilogue, Personal reflection}{}% 36
\BOOKMARK [0][-]{chapter*.2}{What I learnt}{part.3}% 37
\BOOKMARK [0][-]{chapter*.3}{Where to go from here}{part.3}% 38
\BOOKMARK [-1][-]{part.4}{IV Additional information}{}% 39
\BOOKMARK [0][-]{chapter*.4}{Appendices}{part.4}% 40
\BOOKMARK [1][-]{section.4.1}{Arm Execution Modes}{chapter*.4}% 41
\BOOKMARK [1][-]{section.4.2}{Interrupt Controller Register Map}{chapter*.4}% 42
\BOOKMARK [1][-]{section.4.3}{Mailbox Tags}{chapter*.4}% 43
\BOOKMARK [0][-]{chapter*.5}{References}{part.4}% 44
\BOOKMARK [0][-]{chapter*.5}{References}{part.4}% 45
