
Memory Configuration

Name             Origin             Length             Attributes
*default*        0x0000000000000000 0xffffffffffffffff

Linker script and memory map

LOAD ./objects/boot/interrupts.o
LOAD ./objects/boot/cstartup.o
LOAD ./objects/Core/Libraries/string.o
LOAD ./objects/Hardware/time.o
LOAD ./objects/Fonts/font_info.o
LOAD ./objects/Fonts/basic_font.o
LOAD ./objects/boot/meta-data.o
LOAD ./objects/boot/interrupt_table.o
LOAD ./objects/boot/boot.o
LOAD ./objects/Core/kernel_main.o
LOAD ./objects/Hardware/Memory/memory_management.o
LOAD ./objects/Hardware/Graphics/mailbox.o

.vector_table   0x0000000000000000       0x20
 *(.vector_table)
 .vector_table  0x0000000000000000       0x20 ./objects/boot/interrupt_table.o
                0x0000000000000000                _v_table

.init           0x0000000000008000       0x44
 *(.init)
 .init          0x0000000000008000       0x44 ./objects/boot/boot.o
                0x0000000000008000                _start

.text           0x0000000000008044      0x8d8
 *(.text)
 .text          0x0000000000008044       0x50 ./objects/boot/interrupts.o
                0x0000000000008064                _reset_
                0x000000000000807c                undefined_instruction_vector
                0x0000000000008080                software_interrupt_vector
                0x0000000000008084                prefetch_abort_vector
                0x0000000000008088                interrupt_vector
                0x000000000000808c                fast_interrupt_vector
 .text          0x0000000000008094       0x6c ./objects/boot/cstartup.o
                0x0000000000008094                _cstartup
 .text          0x0000000000008100      0x308 ./objects/Core/Libraries/string.o
                0x0000000000008100                init_print(unsigned long)
                0x0000000000008148                init_char_image(char const*, unsigned long, unsigned long*)
                0x00000000000081c0                drawChar(unsigned long*, unsigned long, unsigned long, unsigned long)
                0x0000000000008234                itos(unsigned long)
                0x00000000000082a8                print(char*)
                0x00000000000083e8                print(unsigned long)
                0x0000000000008404                print(char const*)
 .text          0x0000000000008408       0x78 ./objects/Hardware/time.o
                0x0000000000008408                get_time_cycle
                0x0000000000008418                wait
 .text          0x0000000000008480        0x0 ./objects/Fonts/font_info.o
 .text          0x0000000000008480        0x0 ./objects/Fonts/basic_font.o
 .text          0x0000000000008480        0x0 ./objects/boot/meta-data.o
 .text          0x0000000000008480        0x0 ./objects/boot/interrupt_table.o
 .text          0x0000000000008480        0x0 ./objects/boot/boot.o
 .text          0x0000000000008480       0xb0 ./objects/Core/kernel_main.o
                0x0000000000008480                kernel_main
 .text          0x0000000000008530      0x188 ./objects/Hardware/Memory/memory_management.o
                0x0000000000008530                init_memory_manager
                0x0000000000008580                increment_heap(unsigned long)
                0x00000000000085a8                memory_alloc
                0x0000000000008654                memory_re_alloc
                0x0000000000008674                memory_calloc
                0x00000000000086ac                memory_free
 .text          0x00000000000086b8      0x264 ./objects/Hardware/Graphics/mailbox.o
                0x00000000000086b8                write_to_mailbox(unsigned long, Channel)
                0x00000000000086dc                read_from_mailbox
                0x0000000000008708                set_LED
                0x0000000000008798                blink
                0x00000000000087c0                set_init_display_message(Display_info*)
                0x0000000000008878                init_display

.rodata         0x000000000000891c      0x41c
 .rodata        0x000000000000891c      0x400 ./objects/Fonts/basic_font.o
                0x000000000000891c                basic_font
 .rodata        0x0000000000008d1c       0x1c ./objects/Hardware/Graphics/mailbox.o

.rodata.str1.4  0x0000000000008d38       0x3c
 .rodata.str1.4
                0x0000000000008d38       0x3c ./objects/Core/kernel_main.o
                                         0x3b (size before relaxing)

.glue_7         0x0000000000008d74        0x0
 .glue_7        0x0000000000008d74        0x0 linker stubs

.glue_7t        0x0000000000008d74        0x0
 .glue_7t       0x0000000000008d74        0x0 linker stubs

.vfp11_veneer   0x0000000000008d74        0x0
 .vfp11_veneer  0x0000000000008d74        0x0 linker stubs

.v4_bx          0x0000000000008d74        0x0
 .v4_bx         0x0000000000008d74        0x0 linker stubs

.iplt           0x0000000000008d74        0x0
 .iplt          0x0000000000008d74        0x0 ./objects/boot/interrupts.o

.rel.dyn        0x0000000000008d74        0x0
 .rel.iplt      0x0000000000008d74        0x0 ./objects/boot/interrupts.o

.data           0x0000000000008d74        0x0
 *(.data)
 .data          0x0000000000008d74        0x0 ./objects/boot/interrupts.o
 .data          0x0000000000008d74        0x0 ./objects/boot/cstartup.o
 .data          0x0000000000008d74        0x0 ./objects/Core/Libraries/string.o
 .data          0x0000000000008d74        0x0 ./objects/Hardware/time.o
 .data          0x0000000000008d74        0x0 ./objects/Fonts/font_info.o
 .data          0x0000000000008d74        0x0 ./objects/Fonts/basic_font.o
 .data          0x0000000000008d74        0x0 ./objects/boot/meta-data.o
 .data          0x0000000000008d74        0x0 ./objects/boot/interrupt_table.o
 .data          0x0000000000008d74        0x0 ./objects/boot/boot.o
 .data          0x0000000000008d74        0x0 ./objects/Core/kernel_main.o
 .data          0x0000000000008d74        0x0 ./objects/Hardware/Memory/memory_management.o
 .data          0x0000000000008d74        0x0 ./objects/Hardware/Graphics/mailbox.o

.igot.plt       0x0000000000008d74        0x0
 .igot.plt      0x0000000000008d74        0x0 ./objects/boot/interrupts.o

.bss            0x0000000000008d80       0xa8
                0x0000000000008d80                . = ALIGN (0x4)
                0x0000000000008d80                __bss_start__ = .
 *(.bss)
 .bss           0x0000000000008d80        0x0 ./objects/boot/interrupts.o
 .bss           0x0000000000008d80        0x0 ./objects/boot/cstartup.o
 .bss           0x0000000000008d80        0xc ./objects/Core/Libraries/string.o
                0x0000000000008d80                char_buffer
                0x0000000000008d84                main_cursor
 .bss           0x0000000000008d8c        0x0 ./objects/Hardware/time.o
 .bss           0x0000000000008d8c        0x8 ./objects/Fonts/font_info.o
                0x0000000000008d8c                selected_font
                0x0000000000008d90                font_size
 .bss           0x0000000000008d94        0x0 ./objects/Fonts/basic_font.o
 .bss           0x0000000000008d94        0x0 ./objects/boot/meta-data.o
 .bss           0x0000000000008d94        0x0 ./objects/boot/interrupt_table.o
 .bss           0x0000000000008d94        0x0 ./objects/boot/boot.o
 .bss           0x0000000000008d94        0x0 ./objects/Core/kernel_main.o
 .bss           0x0000000000008d94       0x14 ./objects/Hardware/Memory/memory_management.o
                0x0000000000008d94                heap_start
                0x0000000000008d98                heap_end
                0x0000000000008d9c                stack_start
                0x0000000000008da0                stack_end
                0x0000000000008da4                first_block
 *fill*         0x0000000000008da8        0x8 
 .bss           0x0000000000008db0       0x78 ./objects/Hardware/Graphics/mailbox.o
                0x0000000000008db0                mailbox_message
                0x0000000000008e08                index
                0x0000000000008e0c                main_monitor
                0x0000000000008e28                . = ALIGN (0x4)
                0x0000000000008e28                __bss_end__ = .

.kernel_end     0x0000000000008e28        0x4
 *(.kernel_end)
 .kernel_end    0x0000000000008e28        0x4 ./objects/boot/meta-data.o
                0x0000000000008e28                Kernel_End
OUTPUT(build/kernel.elf elf32-littlearm)

.comment        0x0000000000000000       0x7f
 .comment       0x0000000000000000       0x7f ./objects/boot/interrupts.o
                                         0x80 (size before relaxing)
 .comment       0x000000000000007f       0x80 ./objects/boot/cstartup.o
 .comment       0x000000000000007f       0x80 ./objects/Core/Libraries/string.o
 .comment       0x000000000000007f       0x80 ./objects/Hardware/time.o
 .comment       0x000000000000007f       0x80 ./objects/Fonts/font_info.o
 .comment       0x000000000000007f       0x80 ./objects/Fonts/basic_font.o
 .comment       0x000000000000007f       0x80 ./objects/Core/kernel_main.o
 .comment       0x000000000000007f       0x80 ./objects/Hardware/Memory/memory_management.o
 .comment       0x000000000000007f       0x80 ./objects/Hardware/Graphics/mailbox.o

.ARM.attributes
                0x0000000000000000       0x3e
 .ARM.attributes
                0x0000000000000000       0x40 ./objects/boot/interrupts.o
 .ARM.attributes
                0x0000000000000040       0x40 ./objects/boot/cstartup.o
 .ARM.attributes
                0x0000000000000080       0x40 ./objects/Core/Libraries/string.o
 .ARM.attributes
                0x00000000000000c0       0x40 ./objects/Hardware/time.o
 .ARM.attributes
                0x0000000000000100       0x40 ./objects/Fonts/font_info.o
 .ARM.attributes
                0x0000000000000140       0x40 ./objects/Fonts/basic_font.o
 .ARM.attributes
                0x0000000000000180       0x2c ./objects/boot/meta-data.o
 .ARM.attributes
                0x00000000000001ac       0x2c ./objects/boot/interrupt_table.o
 .ARM.attributes
                0x00000000000001d8       0x2c ./objects/boot/boot.o
 .ARM.attributes
                0x0000000000000204       0x40 ./objects/Core/kernel_main.o
 .ARM.attributes
                0x0000000000000244       0x40 ./objects/Hardware/Memory/memory_management.o
 .ARM.attributes
                0x0000000000000284       0x40 ./objects/Hardware/Graphics/mailbox.o
